<?xml version="1.0" encoding="UTF-8"?>
<!-- Generated by org.testng.reporters.JUnitReportReporter -->
<testsuite hostname="nahian-PC" name="com.ConstantMD.PosTest.Test.LoginTest" tests="2" failures="0" timestamp="28 Jul 2017 18:17:50 GMT" time="71.250" errors="0">
  <testcase name="checkHomePageTitle" time="61.090" classname="com.ConstantMD.PosTest.Test.LoginTest"/>
  <testcase name="loginTest" time="10.160" classname="com.ConstantMD.PosTest.Test.LoginTest"/>
</testsuite> <!-- com.ConstantMD.PosTest.Test.LoginTest -->
