<?xml version="1.0" encoding="UTF-8"?>
<!-- Generated by org.testng.reporters.JUnitReportReporter -->
<testsuite hostname="nahian-PC" name="com.ConstantMD.PosTest.Test.LoginTest" tests="2" failures="0" timestamp="13 Aug 2017 19:40:36 GMT" time="44.183" errors="0">
  <testcase name="loginTest" time="9.250" classname="com.ConstantMD.PosTest.Test.LoginTest"/>
  <testcase name="checkLoginPageTitle" time="34.933" classname="com.ConstantMD.PosTest.Test.LoginTest"/>
</testsuite> <!-- com.ConstantMD.PosTest.Test.LoginTest -->
