<?xml version="1.0" encoding="UTF-8"?>
<!-- Generated by org.testng.reporters.JUnitReportReporter -->
<testsuite hostname="nahian-PC" name="com.ConstantMD.PosTest.Test.CustomerTest" tests="3" failures="0" timestamp="28 Jul 2017 18:26:42 GMT" time="51.086" errors="0">
  <testcase name="initiateLogin" time="44.542" classname="com.ConstantMD.PosTest.Test.CustomerTest"/>
  <testcase name="checkCustomerPageTitle" time="3.093" classname="com.ConstantMD.PosTest.Test.CustomerTest"/>
  <testcase name="addNewCustomertest" time="3.451" classname="com.ConstantMD.PosTest.Test.CustomerTest"/>
</testsuite> <!-- com.ConstantMD.PosTest.Test.CustomerTest -->
