<?xml version="1.0" encoding="UTF-8"?>
<!-- Generated by org.testng.reporters.JUnitReportReporter -->
<testsuite hostname="nahian-PC" name="com.ConstantMD.PosTest.Test.LoginTest" tests="2" failures="0" timestamp="14 Aug 2017 11:20:03 GMT" time="38.310" errors="0">
  <testcase name="loginTest" time="7.268" classname="com.ConstantMD.PosTest.Test.LoginTest"/>
  <testcase name="checkLoginPageTitle" time="31.042" classname="com.ConstantMD.PosTest.Test.LoginTest"/>
</testsuite> <!-- com.ConstantMD.PosTest.Test.LoginTest -->
